2024-04-22 11:32:27,037 CRIT Supervisor is running as root.  Privileges were not dropped because no user is specified in the config file.  If you intend to run as root, you can set user=root in the config file to avoid this message.
2024-04-22 11:32:27,037 INFO Included extra file "/tmp/appsmith/supervisor-conf.d/backend.conf" during parsing
2024-04-22 11:32:27,037 INFO Included extra file "/tmp/appsmith/supervisor-conf.d/editor.conf" during parsing
2024-04-22 11:32:27,037 INFO Included extra file "/tmp/appsmith/supervisor-conf.d/mongodb.conf" during parsing
2024-04-22 11:32:27,037 INFO Included extra file "/tmp/appsmith/supervisor-conf.d/postgres.conf" during parsing
2024-04-22 11:32:27,037 INFO Included extra file "/tmp/appsmith/supervisor-conf.d/redis.conf" during parsing
2024-04-22 11:32:27,037 INFO Included extra file "/tmp/appsmith/supervisor-conf.d/rts.conf" during parsing
2024-04-22 11:32:27,041 INFO RPC interface 'supervisor' initialized
2024-04-22 11:32:27,041 INFO RPC interface 'supervisor' initialized
2024-04-22 11:32:27,041 CRIT Server 'unix_http_server' running without any HTTP authentication checking
2024-04-22 11:32:27,041 INFO supervisord started with pid 1
2024-04-22 11:32:27,143 INFO spawned: 'stdout' with pid 1750
2024-04-22 11:32:27,144 INFO spawned: 'redis' with pid 1751
2024-04-22 11:32:27,145 INFO spawned: 'mongodb' with pid 1752
2024-04-22 11:32:27,145 INFO spawned: 'rts' with pid 1753
2024-04-22 11:32:27,147 INFO spawned: 'backend' with pid 1754
2024-04-22 11:32:27,150 INFO spawned: 'editor' with pid 1756
2024-04-22 11:32:27,152 INFO spawned: 'postgres' with pid 1761
2024-04-22 11:32:27,158 INFO success: redis entered RUNNING state, process has stayed up for > than 0 seconds (startsecs)
2024-04-22 11:32:27,159 INFO success: rts entered RUNNING state, process has stayed up for > than 0 seconds (startsecs)
2024-04-22 11:32:27,159 INFO success: editor entered RUNNING state, process has stayed up for > than 0 seconds (startsecs)
2024-04-22 11:32:27,306 INFO reaped unknown pid 56
2024-04-22 11:32:28,313 INFO success: stdout entered RUNNING state, process has stayed up for > than 1 seconds (startsecs)
2024-04-22 11:32:28,318 INFO success: postgres entered RUNNING state, process has stayed up for > than 1 seconds (startsecs)
2024-04-22 11:32:30,667 INFO reaped unknown pid 98
2024-04-22 11:32:37,145 INFO success: mongodb entered RUNNING state, process has stayed up for > than 10 seconds (startsecs)
2024-04-22 11:32:48,127 INFO success: backend entered RUNNING state, process has stayed up for > than 20 seconds (startsecs)
2024-04-22 11:45:51,681 WARN received SIGTERM indicating exit request
2024-04-22 11:45:51,684 INFO waiting for stdout, redis, mongodb, rts, backend, editor, postgres to die
2024-04-22 11:45:51,725 INFO stopped: postgres (exit status 0)
2024-04-22 11:45:51,733 INFO stopped: editor (exit status 2)
2024-04-22 11:45:55,101 INFO waiting for stdout, redis, mongodb, rts, backend to die
2024-04-22 11:45:56,952 INFO reaped unknown pid 1850
2024-04-22 11:45:56,953 INFO stopped: backend (exit status 143)
2024-04-22 11:45:56,964 INFO stopped: rts (terminated by SIGTERM)
2024-04-22 11:45:57,996 INFO stopped: mongodb (exit status 0)
2024-04-22 11:45:58,102 INFO stopped: redis (exit status 0)
2024-04-22 11:45:58,102 INFO waiting for stdout to die
2024-04-22 11:45:58,102 INFO stopped: stdout (terminated by SIGTERM)
