2024-04-21 20:29:04,633 CRIT Supervisor is running as root.  Privileges were not dropped because no user is specified in the config file.  If you intend to run as root, you can set user=root in the config file to avoid this message.
2024-04-21 20:29:04,634 INFO Included extra file "/tmp/appsmith/supervisor-conf.d/backend.conf" during parsing
2024-04-21 20:29:04,634 INFO Included extra file "/tmp/appsmith/supervisor-conf.d/editor.conf" during parsing
2024-04-21 20:29:04,634 INFO Included extra file "/tmp/appsmith/supervisor-conf.d/mongodb.conf" during parsing
2024-04-21 20:29:04,634 INFO Included extra file "/tmp/appsmith/supervisor-conf.d/postgres.conf" during parsing
2024-04-21 20:29:04,634 INFO Included extra file "/tmp/appsmith/supervisor-conf.d/redis.conf" during parsing
2024-04-21 20:29:04,634 INFO Included extra file "/tmp/appsmith/supervisor-conf.d/rts.conf" during parsing
2024-04-21 20:29:04,688 INFO RPC interface 'supervisor' initialized
2024-04-21 20:29:04,694 INFO RPC interface 'supervisor' initialized
2024-04-21 20:29:04,694 CRIT Server 'unix_http_server' running without any HTTP authentication checking
2024-04-21 20:29:04,695 INFO supervisord started with pid 1
2024-04-21 20:29:05,719 INFO spawned: 'stdout' with pid 1779
2024-04-21 20:29:05,750 INFO spawned: 'redis' with pid 1780
2024-04-21 20:29:05,775 INFO spawned: 'mongodb' with pid 1781
2024-04-21 20:29:05,797 INFO spawned: 'rts' with pid 1782
2024-04-21 20:29:05,825 INFO spawned: 'backend' with pid 1783
2024-04-21 20:29:05,842 INFO spawned: 'editor' with pid 1785
2024-04-21 20:29:05,865 INFO spawned: 'postgres' with pid 1788
2024-04-21 20:29:05,918 INFO success: redis entered RUNNING state, process has stayed up for > than 0 seconds (startsecs)
2024-04-21 20:29:05,918 INFO success: rts entered RUNNING state, process has stayed up for > than 0 seconds (startsecs)
2024-04-21 20:29:05,918 INFO success: editor entered RUNNING state, process has stayed up for > than 0 seconds (startsecs)
2024-04-21 20:29:07,008 INFO success: stdout entered RUNNING state, process has stayed up for > than 1 seconds (startsecs)
2024-04-21 20:29:07,009 INFO success: postgres entered RUNNING state, process has stayed up for > than 1 seconds (startsecs)
2024-04-21 20:29:08,729 INFO reaped unknown pid 51
2024-04-21 20:29:15,687 INFO reaped unknown pid 94
2024-04-21 20:29:16,043 INFO success: mongodb entered RUNNING state, process has stayed up for > than 10 seconds (startsecs)
2024-04-21 20:29:25,819 INFO success: backend entered RUNNING state, process has stayed up for > than 20 seconds (startsecs)
2024-04-21 20:30:09,251 WARN received SIGTERM indicating exit request
2024-04-21 20:30:09,267 INFO waiting for stdout, redis, mongodb, rts, backend, editor, postgres to die
2024-04-21 20:30:09,603 INFO stopped: postgres (exit status 0)
2024-04-21 20:30:09,623 INFO stopped: editor (exit status 2)
2024-04-21 20:30:13,254 INFO waiting for stdout, redis, mongodb, rts, backend to die
2024-04-21 20:30:15,806 INFO reaped unknown pid 1898
2024-04-21 20:30:16,208 INFO stopped: backend (exit status 143)
2024-04-21 20:30:16,236 INFO stopped: rts (terminated by SIGTERM)
2024-04-21 20:30:16,621 INFO stopped: mongodb (exit status 0)
2024-04-21 20:30:16,621 INFO waiting for stdout, redis to die
2024-04-21 20:30:16,684 INFO stopped: redis (exit status 0)
2024-04-21 20:30:16,685 INFO stopped: stdout (terminated by SIGTERM)
2024-04-21 20:30:56,582 CRIT Supervisor is running as root.  Privileges were not dropped because no user is specified in the config file.  If you intend to run as root, you can set user=root in the config file to avoid this message.
2024-04-21 20:30:56,585 INFO Included extra file "/tmp/appsmith/supervisor-conf.d/backend.conf" during parsing
2024-04-21 20:30:56,586 INFO Included extra file "/tmp/appsmith/supervisor-conf.d/editor.conf" during parsing
2024-04-21 20:30:56,587 INFO Included extra file "/tmp/appsmith/supervisor-conf.d/mongodb.conf" during parsing
2024-04-21 20:30:56,588 INFO Included extra file "/tmp/appsmith/supervisor-conf.d/postgres.conf" during parsing
2024-04-21 20:30:56,588 INFO Included extra file "/tmp/appsmith/supervisor-conf.d/redis.conf" during parsing
2024-04-21 20:30:56,588 INFO Included extra file "/tmp/appsmith/supervisor-conf.d/rts.conf" during parsing
2024-04-21 20:30:56,674 INFO RPC interface 'supervisor' initialized
2024-04-21 20:30:56,681 INFO RPC interface 'supervisor' initialized
2024-04-21 20:30:56,682 CRIT Server 'unix_http_server' running without any HTTP authentication checking
2024-04-21 20:30:56,684 INFO supervisord started with pid 1
2024-04-21 20:30:57,296 INFO spawned: 'stdout' with pid 1507
2024-04-21 20:30:57,302 INFO spawned: 'redis' with pid 1508
2024-04-21 20:30:57,306 INFO spawned: 'mongodb' with pid 1509
2024-04-21 20:30:57,311 INFO spawned: 'rts' with pid 1510
2024-04-21 20:30:57,318 INFO spawned: 'backend' with pid 1511
2024-04-21 20:30:57,325 INFO spawned: 'editor' with pid 1513
2024-04-21 20:30:57,330 INFO spawned: 'postgres' with pid 1514
2024-04-21 20:30:57,350 INFO success: redis entered RUNNING state, process has stayed up for > than 0 seconds (startsecs)
2024-04-21 20:30:57,350 INFO success: rts entered RUNNING state, process has stayed up for > than 0 seconds (startsecs)
2024-04-21 20:30:57,352 INFO success: editor entered RUNNING state, process has stayed up for > than 0 seconds (startsecs)
2024-04-21 20:30:59,105 INFO success: stdout entered RUNNING state, process has stayed up for > than 1 seconds (startsecs)
2024-04-21 20:31:03,136 INFO success: postgres entered RUNNING state, process has stayed up for > than 1 seconds (startsecs)
2024-04-21 20:31:05,821 INFO reaped unknown pid 54
2024-04-21 20:31:08,219 INFO success: mongodb entered RUNNING state, process has stayed up for > than 10 seconds (startsecs)
2024-04-21 20:31:17,751 INFO success: backend entered RUNNING state, process has stayed up for > than 20 seconds (startsecs)
2024-04-21 20:31:39,328 INFO reaped unknown pid 81
2024-04-22 11:18:16,608 WARN received SIGTERM indicating exit request
2024-04-22 11:18:16,617 INFO waiting for stdout, redis, mongodb, rts, backend, editor, postgres to die
2024-04-22 11:18:16,820 INFO stopped: postgres (exit status 0)
2024-04-22 11:18:16,832 INFO stopped: editor (exit status 2)
2024-04-22 11:18:20,540 INFO waiting for stdout, redis, mongodb, rts, backend to die
2024-04-22 11:18:23,557 INFO waiting for stdout, redis, mongodb, rts, backend to die
2024-04-22 11:18:23,660 INFO reaped unknown pid 1615
2024-04-22 11:18:24,666 INFO stopped: backend (exit status 143)
2024-04-22 11:18:25,707 INFO stopped: rts (terminated by SIGTERM)
2024-04-22 11:18:32,110 CRIT Supervisor is running as root.  Privileges were not dropped because no user is specified in the config file.  If you intend to run as root, you can set user=root in the config file to avoid this message.
2024-04-22 11:18:32,110 INFO Included extra file "/tmp/appsmith/supervisor-conf.d/backend.conf" during parsing
2024-04-22 11:18:32,111 INFO Included extra file "/tmp/appsmith/supervisor-conf.d/editor.conf" during parsing
2024-04-22 11:18:32,111 INFO Included extra file "/tmp/appsmith/supervisor-conf.d/mongodb.conf" during parsing
2024-04-22 11:18:32,111 INFO Included extra file "/tmp/appsmith/supervisor-conf.d/postgres.conf" during parsing
2024-04-22 11:18:32,111 INFO Included extra file "/tmp/appsmith/supervisor-conf.d/redis.conf" during parsing
2024-04-22 11:18:32,111 INFO Included extra file "/tmp/appsmith/supervisor-conf.d/rts.conf" during parsing
2024-04-22 11:18:32,118 INFO RPC interface 'supervisor' initialized
2024-04-22 11:18:32,421 INFO RPC interface 'supervisor' initialized
2024-04-22 11:18:32,421 CRIT Server 'unix_http_server' running without any HTTP authentication checking
2024-04-22 11:18:32,422 INFO supervisord started with pid 1
2024-04-22 11:18:33,446 INFO spawned: 'stdout' with pid 1527
2024-04-22 11:18:33,452 INFO spawned: 'redis' with pid 1528
2024-04-22 11:18:33,457 INFO spawned: 'mongodb' with pid 1529
2024-04-22 11:18:33,460 INFO spawned: 'rts' with pid 1530
2024-04-22 11:18:33,466 INFO spawned: 'backend' with pid 1531
2024-04-22 11:18:33,479 INFO spawned: 'editor' with pid 1534
2024-04-22 11:18:33,494 INFO spawned: 'postgres' with pid 1536
2024-04-22 11:18:33,519 INFO success: redis entered RUNNING state, process has stayed up for > than 0 seconds (startsecs)
2024-04-22 11:18:33,522 INFO success: rts entered RUNNING state, process has stayed up for > than 0 seconds (startsecs)
2024-04-22 11:18:33,525 INFO success: editor entered RUNNING state, process has stayed up for > than 0 seconds (startsecs)
2024-04-22 11:18:33,722 INFO reaped unknown pid 54
2024-04-22 11:18:34,588 INFO success: stdout entered RUNNING state, process has stayed up for > than 1 seconds (startsecs)
2024-04-22 11:18:34,590 INFO success: postgres entered RUNNING state, process has stayed up for > than 1 seconds (startsecs)
2024-04-22 11:18:37,717 INFO reaped unknown pid 80
2024-04-22 11:18:43,695 INFO success: mongodb entered RUNNING state, process has stayed up for > than 10 seconds (startsecs)
2024-04-22 11:18:53,488 INFO success: backend entered RUNNING state, process has stayed up for > than 20 seconds (startsecs)
2024-04-22 11:31:16,103 WARN received SIGTERM indicating exit request
2024-04-22 11:31:16,114 INFO waiting for stdout, redis, mongodb, rts, backend, editor, postgres to die
2024-04-22 11:31:17,181 INFO stopped: postgres (exit status 0)
2024-04-22 11:31:17,214 INFO stopped: editor (exit status 2)
2024-04-22 11:31:19,490 INFO waiting for stdout, redis, mongodb, rts, backend to die
2024-04-22 11:31:22,273 INFO stopped: backend (exit status 143)
2024-04-22 11:31:22,274 INFO reaped unknown pid 1629
2024-04-22 11:31:22,281 INFO stopped: rts (terminated by SIGTERM)
2024-04-22 11:31:23,204 INFO stopped: mongodb (exit status 0)
2024-04-22 11:31:23,205 INFO waiting for stdout, redis to die
2024-04-22 11:31:23,262 INFO stopped: redis (exit status 0)
2024-04-22 11:31:23,263 INFO stopped: stdout (terminated by SIGTERM)
2024-04-22 11:46:26,577 CRIT Supervisor is running as root.  Privileges were not dropped because no user is specified in the config file.  If you intend to run as root, you can set user=root in the config file to avoid this message.
2024-04-22 11:46:26,577 INFO Included extra file "/tmp/appsmith/supervisor-conf.d/backend.conf" during parsing
2024-04-22 11:46:26,577 INFO Included extra file "/tmp/appsmith/supervisor-conf.d/editor.conf" during parsing
2024-04-22 11:46:26,577 INFO Included extra file "/tmp/appsmith/supervisor-conf.d/mongodb.conf" during parsing
2024-04-22 11:46:26,578 INFO Included extra file "/tmp/appsmith/supervisor-conf.d/postgres.conf" during parsing
2024-04-22 11:46:26,578 INFO Included extra file "/tmp/appsmith/supervisor-conf.d/redis.conf" during parsing
2024-04-22 11:46:26,578 INFO Included extra file "/tmp/appsmith/supervisor-conf.d/rts.conf" during parsing
2024-04-22 11:46:26,592 INFO RPC interface 'supervisor' initialized
2024-04-22 11:46:26,593 INFO RPC interface 'supervisor' initialized
2024-04-22 11:46:26,593 CRIT Server 'unix_http_server' running without any HTTP authentication checking
2024-04-22 11:46:26,594 INFO supervisord started with pid 1
2024-04-22 11:46:26,901 INFO spawned: 'stdout' with pid 1507
2024-04-22 11:46:26,902 INFO spawned: 'redis' with pid 1508
2024-04-22 11:46:26,903 INFO spawned: 'mongodb' with pid 1509
2024-04-22 11:46:26,904 INFO spawned: 'rts' with pid 1510
2024-04-22 11:46:26,907 INFO spawned: 'backend' with pid 1511
2024-04-22 11:46:26,910 INFO spawned: 'editor' with pid 1516
2024-04-22 11:46:26,912 INFO spawned: 'postgres' with pid 1518
2024-04-22 11:46:26,923 INFO success: redis entered RUNNING state, process has stayed up for > than 0 seconds (startsecs)
2024-04-22 11:46:26,924 INFO success: rts entered RUNNING state, process has stayed up for > than 0 seconds (startsecs)
2024-04-22 11:46:26,924 INFO success: editor entered RUNNING state, process has stayed up for > than 0 seconds (startsecs)
2024-04-22 11:46:27,076 INFO reaped unknown pid 58
2024-04-22 11:46:27,962 INFO success: stdout entered RUNNING state, process has stayed up for > than 1 seconds (startsecs)
2024-04-22 11:46:27,962 INFO success: postgres entered RUNNING state, process has stayed up for > than 1 seconds (startsecs)
2024-04-22 11:46:30,995 INFO reaped unknown pid 86
2024-04-22 11:46:37,020 INFO success: mongodb entered RUNNING state, process has stayed up for > than 10 seconds (startsecs)
2024-04-22 11:46:47,002 INFO success: backend entered RUNNING state, process has stayed up for > than 20 seconds (startsecs)
2024-04-22 22:02:11,665 WARN received SIGTERM indicating exit request
2024-04-22 22:02:11,670 INFO waiting for stdout, redis, mongodb, rts, backend, editor, postgres to die
2024-04-22 22:02:12,875 INFO stopped: postgres (exit status 0)
2024-04-22 22:02:12,908 INFO stopped: editor (exit status 2)
2024-04-22 22:02:15,317 INFO waiting for stdout, redis, mongodb, rts, backend to die
2024-04-22 22:02:18,843 INFO waiting for stdout, redis, mongodb, rts, backend to die
2024-04-22 22:02:19,248 INFO reaped unknown pid 1604
2024-04-22 22:02:20,256 INFO stopped: backend (exit status 143)
2024-04-22 22:02:20,287 INFO stopped: rts (terminated by SIGTERM)
2024-04-22 22:02:21,211 INFO stopped: mongodb (exit status 0)
2024-04-22 22:02:21,212 WARN received SIGTERM indicating exit request
2024-04-22 22:02:21,242 INFO stopped: redis (exit status 0)
2024-04-22 22:02:21,243 INFO stopped: stdout (terminated by SIGTERM)
2024-04-22 22:02:59,423 CRIT Supervisor is running as root.  Privileges were not dropped because no user is specified in the config file.  If you intend to run as root, you can set user=root in the config file to avoid this message.
2024-04-22 22:02:59,424 INFO Included extra file "/tmp/appsmith/supervisor-conf.d/backend.conf" during parsing
2024-04-22 22:02:59,424 INFO Included extra file "/tmp/appsmith/supervisor-conf.d/editor.conf" during parsing
2024-04-22 22:02:59,424 INFO Included extra file "/tmp/appsmith/supervisor-conf.d/mongodb.conf" during parsing
2024-04-22 22:02:59,424 INFO Included extra file "/tmp/appsmith/supervisor-conf.d/postgres.conf" during parsing
2024-04-22 22:02:59,425 INFO Included extra file "/tmp/appsmith/supervisor-conf.d/redis.conf" during parsing
2024-04-22 22:02:59,425 INFO Included extra file "/tmp/appsmith/supervisor-conf.d/rts.conf" during parsing
2024-04-22 22:02:59,440 INFO RPC interface 'supervisor' initialized
2024-04-22 22:02:59,441 INFO RPC interface 'supervisor' initialized
2024-04-22 22:02:59,442 CRIT Server 'unix_http_server' running without any HTTP authentication checking
2024-04-22 22:02:59,443 INFO supervisord started with pid 1
2024-04-22 22:03:00,347 INFO spawned: 'stdout' with pid 1503
2024-04-22 22:03:00,349 INFO spawned: 'redis' with pid 1504
2024-04-22 22:03:00,352 INFO spawned: 'mongodb' with pid 1505
2024-04-22 22:03:00,360 INFO spawned: 'rts' with pid 1506
2024-04-22 22:03:00,363 INFO spawned: 'backend' with pid 1507
2024-04-22 22:03:00,367 INFO spawned: 'editor' with pid 1508
2024-04-22 22:03:00,372 INFO spawned: 'postgres' with pid 1514
2024-04-22 22:03:00,385 INFO success: redis entered RUNNING state, process has stayed up for > than 0 seconds (startsecs)
2024-04-22 22:03:00,385 INFO success: rts entered RUNNING state, process has stayed up for > than 0 seconds (startsecs)
2024-04-22 22:03:00,385 INFO success: editor entered RUNNING state, process has stayed up for > than 0 seconds (startsecs)
2024-04-22 22:03:00,663 INFO reaped unknown pid 54
2024-04-22 22:03:01,466 INFO success: stdout entered RUNNING state, process has stayed up for > than 1 seconds (startsecs)
2024-04-22 22:03:01,468 INFO success: postgres entered RUNNING state, process has stayed up for > than 1 seconds (startsecs)
2024-04-22 22:03:05,753 INFO reaped unknown pid 81
2024-04-22 22:03:10,697 INFO success: mongodb entered RUNNING state, process has stayed up for > than 10 seconds (startsecs)
2024-04-22 22:03:20,462 INFO success: backend entered RUNNING state, process has stayed up for > than 20 seconds (startsecs)
2024-04-23 01:20:30,360 CRIT Supervisor is running as root.  Privileges were not dropped because no user is specified in the config file.  If you intend to run as root, you can set user=root in the config file to avoid this message.
2024-04-23 01:20:30,360 INFO Included extra file "/tmp/appsmith/supervisor-conf.d/backend.conf" during parsing
2024-04-23 01:20:30,360 INFO Included extra file "/tmp/appsmith/supervisor-conf.d/editor.conf" during parsing
2024-04-23 01:20:30,360 INFO Included extra file "/tmp/appsmith/supervisor-conf.d/mongodb.conf" during parsing
2024-04-23 01:20:30,360 INFO Included extra file "/tmp/appsmith/supervisor-conf.d/postgres.conf" during parsing
2024-04-23 01:20:30,360 INFO Included extra file "/tmp/appsmith/supervisor-conf.d/redis.conf" during parsing
2024-04-23 01:20:30,360 INFO Included extra file "/tmp/appsmith/supervisor-conf.d/rts.conf" during parsing
2024-04-23 01:20:30,364 INFO RPC interface 'supervisor' initialized
2024-04-23 01:20:30,364 INFO RPC interface 'supervisor' initialized
2024-04-23 01:20:30,364 CRIT Server 'unix_http_server' running without any HTTP authentication checking
2024-04-23 01:20:30,364 INFO supervisord started with pid 1
2024-04-23 01:20:30,766 INFO spawned: 'stdout' with pid 1503
2024-04-23 01:20:30,768 INFO spawned: 'redis' with pid 1504
2024-04-23 01:20:30,769 INFO spawned: 'mongodb' with pid 1505
2024-04-23 01:20:30,771 INFO spawned: 'rts' with pid 1506
2024-04-23 01:20:30,772 INFO spawned: 'backend' with pid 1507
2024-04-23 01:20:30,774 INFO spawned: 'editor' with pid 1508
2024-04-23 01:20:30,777 INFO spawned: 'postgres' with pid 1511
2024-04-23 01:20:30,782 INFO success: redis entered RUNNING state, process has stayed up for > than 0 seconds (startsecs)
2024-04-23 01:20:30,783 INFO success: rts entered RUNNING state, process has stayed up for > than 0 seconds (startsecs)
2024-04-23 01:20:30,784 INFO success: editor entered RUNNING state, process has stayed up for > than 0 seconds (startsecs)
2024-04-23 01:20:30,903 INFO reaped unknown pid 55
2024-04-23 01:20:31,184 INFO exited: postgres (exit status 1; not expected)
2024-04-23 01:20:31,601 INFO exited: mongodb (exit status 14; not expected)
2024-04-23 01:20:31,816 INFO success: stdout entered RUNNING state, process has stayed up for > than 1 seconds (startsecs)
2024-04-23 01:20:32,464 INFO spawned: 'postgres' with pid 1634
2024-04-23 01:20:32,954 INFO spawned: 'mongodb' with pid 1642
2024-04-23 01:20:32,962 INFO exited: postgres (exit status 1; not expected)
2024-04-23 01:20:34,204 INFO exited: mongodb (exit status 14; not expected)
2024-04-23 01:20:35,646 INFO spawned: 'postgres' with pid 1696
2024-04-23 01:20:36,091 INFO exited: postgres (exit status 1; not expected)
2024-04-23 01:20:36,207 INFO spawned: 'mongodb' with pid 1713
2024-04-23 01:20:37,806 INFO exited: mongodb (exit status 14; not expected)
2024-04-23 01:20:40,047 INFO spawned: 'postgres' with pid 1777
2024-04-23 01:20:40,307 INFO exited: postgres (exit status 1; not expected)
2024-04-23 01:20:41,087 INFO spawned: 'mongodb' with pid 1796
2024-04-23 01:20:41,088 INFO gave up: postgres entered FATAL state, too many start retries too quickly
2024-04-23 01:20:41,886 INFO exited: mongodb (exit status 14; not expected)
2024-04-23 01:20:42,889 INFO gave up: mongodb entered FATAL state, too many start retries too quickly
2024-04-23 01:20:51,411 INFO success: backend entered RUNNING state, process has stayed up for > than 20 seconds (startsecs)
2024-04-23 01:21:42,948 INFO reaped unknown pid 82
2024-04-23 02:51:57,563 WARN received SIGTERM indicating exit request
2024-04-23 02:51:57,567 INFO waiting for stdout, redis, rts, backend, editor to die
2024-04-23 02:51:58,592 INFO stopped: editor (exit status 2)
2024-04-23 02:52:00,606 INFO waiting for stdout, redis, rts, backend to die
2024-04-23 02:52:03,261 INFO reaped unknown pid 1596
2024-04-23 02:52:03,262 INFO stopped: backend (exit status 143)
2024-04-23 02:52:03,266 INFO stopped: rts (terminated by SIGTERM)
2024-04-23 02:52:04,272 INFO waiting for stdout, redis to die
2024-04-23 02:52:04,336 INFO stopped: redis (exit status 0)
2024-04-23 02:52:04,338 INFO stopped: stdout (terminated by SIGTERM)
2024-04-23 02:54:10,464 CRIT Supervisor is running as root.  Privileges were not dropped because no user is specified in the config file.  If you intend to run as root, you can set user=root in the config file to avoid this message.
2024-04-23 02:54:10,464 INFO Included extra file "/tmp/appsmith/supervisor-conf.d/backend.conf" during parsing
2024-04-23 02:54:10,464 INFO Included extra file "/tmp/appsmith/supervisor-conf.d/editor.conf" during parsing
2024-04-23 02:54:10,464 INFO Included extra file "/tmp/appsmith/supervisor-conf.d/mongodb.conf" during parsing
2024-04-23 02:54:10,464 INFO Included extra file "/tmp/appsmith/supervisor-conf.d/postgres.conf" during parsing
2024-04-23 02:54:10,465 INFO Included extra file "/tmp/appsmith/supervisor-conf.d/redis.conf" during parsing
2024-04-23 02:54:10,465 INFO Included extra file "/tmp/appsmith/supervisor-conf.d/rts.conf" during parsing
2024-04-23 02:54:10,469 INFO RPC interface 'supervisor' initialized
2024-04-23 02:54:10,469 INFO RPC interface 'supervisor' initialized
2024-04-23 02:54:10,469 CRIT Server 'unix_http_server' running without any HTTP authentication checking
2024-04-23 02:54:10,469 INFO supervisord started with pid 1
2024-04-23 02:54:10,615 INFO spawned: 'stdout' with pid 1507
2024-04-23 02:54:10,616 INFO spawned: 'redis' with pid 1508
2024-04-23 02:54:10,618 INFO spawned: 'mongodb' with pid 1509
2024-04-23 02:54:10,619 INFO spawned: 'rts' with pid 1510
2024-04-23 02:54:10,620 INFO spawned: 'backend' with pid 1511
2024-04-23 02:54:10,623 INFO spawned: 'editor' with pid 1512
2024-04-23 02:54:10,626 INFO spawned: 'postgres' with pid 1513
2024-04-23 02:54:10,635 INFO success: redis entered RUNNING state, process has stayed up for > than 0 seconds (startsecs)
2024-04-23 02:54:10,635 INFO success: rts entered RUNNING state, process has stayed up for > than 0 seconds (startsecs)
2024-04-23 02:54:10,636 INFO success: editor entered RUNNING state, process has stayed up for > than 0 seconds (startsecs)
2024-04-23 02:54:10,889 INFO reaped unknown pid 55
2024-04-23 02:54:11,690 INFO success: stdout entered RUNNING state, process has stayed up for > than 1 seconds (startsecs)
2024-04-23 02:54:11,692 INFO success: postgres entered RUNNING state, process has stayed up for > than 1 seconds (startsecs)
2024-04-23 02:54:11,741 INFO exited: postgres (exit status 1; not expected)
2024-04-23 02:54:12,117 INFO spawned: 'postgres' with pid 1624
2024-04-23 02:54:12,446 INFO exited: mongodb (exit status 14; not expected)
2024-04-23 02:54:12,602 INFO exited: postgres (exit status 1; not expected)
2024-04-23 02:54:13,592 INFO spawned: 'mongodb' with pid 1651
2024-04-23 02:54:13,622 INFO spawned: 'postgres' with pid 1652
2024-04-23 02:54:14,147 INFO exited: postgres (exit status 1; not expected)
2024-04-23 02:54:14,466 INFO exited: mongodb (exit status 14; not expected)
2024-04-23 02:54:16,568 INFO spawned: 'mongodb' with pid 1708
2024-04-23 02:54:16,572 INFO spawned: 'postgres' with pid 1709
2024-04-23 02:54:17,922 INFO success: postgres entered RUNNING state, process has stayed up for > than 1 seconds (startsecs)
2024-04-23 02:54:17,924 INFO exited: postgres (exit status 1; not expected)
2024-04-23 02:54:17,943 INFO spawned: 'postgres' with pid 1742
2024-04-23 02:54:18,050 INFO exited: mongodb (exit status 14; not expected)
2024-04-23 02:54:18,612 INFO exited: postgres (exit status 1; not expected)
2024-04-23 02:54:19,629 INFO spawned: 'postgres' with pid 1775
2024-04-23 02:54:20,145 INFO exited: postgres (exit status 1; not expected)
2024-04-23 02:54:21,097 INFO spawned: 'mongodb' with pid 1795
2024-04-23 02:54:21,937 INFO exited: mongodb (exit status 14; not expected)
2024-04-23 02:54:22,939 INFO gave up: mongodb entered FATAL state, too many start retries too quickly
2024-04-23 02:54:22,941 INFO spawned: 'postgres' with pid 1830
2024-04-23 02:54:23,181 INFO exited: postgres (exit status 1; not expected)
2024-04-23 02:54:26,191 INFO spawned: 'postgres' with pid 1880
2024-04-23 02:54:26,436 INFO exited: postgres (exit status 1; not expected)
2024-04-23 02:54:27,286 INFO gave up: postgres entered FATAL state, too many start retries too quickly
2024-04-23 02:54:31,400 INFO success: backend entered RUNNING state, process has stayed up for > than 20 seconds (startsecs)
2024-04-23 02:55:25,075 INFO reaped unknown pid 83
2024-04-23 02:58:07,136 CRIT Supervisor is running as root.  Privileges were not dropped because no user is specified in the config file.  If you intend to run as root, you can set user=root in the config file to avoid this message.
2024-04-23 02:58:07,136 INFO Included extra file "/tmp/appsmith/supervisor-conf.d/backend.conf" during parsing
2024-04-23 02:58:07,136 INFO Included extra file "/tmp/appsmith/supervisor-conf.d/editor.conf" during parsing
2024-04-23 02:58:07,136 INFO Included extra file "/tmp/appsmith/supervisor-conf.d/mongodb.conf" during parsing
2024-04-23 02:58:07,137 INFO Included extra file "/tmp/appsmith/supervisor-conf.d/postgres.conf" during parsing
2024-04-23 02:58:07,137 INFO Included extra file "/tmp/appsmith/supervisor-conf.d/redis.conf" during parsing
2024-04-23 02:58:07,137 INFO Included extra file "/tmp/appsmith/supervisor-conf.d/rts.conf" during parsing
2024-04-23 02:58:07,140 INFO RPC interface 'supervisor' initialized
2024-04-23 02:58:07,140 INFO RPC interface 'supervisor' initialized
2024-04-23 02:58:07,141 CRIT Server 'unix_http_server' running without any HTTP authentication checking
2024-04-23 02:58:07,141 INFO supervisord started with pid 1
2024-04-23 02:58:07,436 INFO spawned: 'stdout' with pid 1501
2024-04-23 02:58:07,438 INFO spawned: 'redis' with pid 1502
2024-04-23 02:58:07,439 INFO spawned: 'mongodb' with pid 1503
2024-04-23 02:58:07,440 INFO spawned: 'rts' with pid 1504
2024-04-23 02:58:07,443 INFO spawned: 'backend' with pid 1505
2024-04-23 02:58:07,445 INFO spawned: 'editor' with pid 1510
2024-04-23 02:58:07,447 INFO spawned: 'postgres' with pid 1512
2024-04-23 02:58:07,456 INFO success: redis entered RUNNING state, process has stayed up for > than 0 seconds (startsecs)
2024-04-23 02:58:07,456 INFO success: rts entered RUNNING state, process has stayed up for > than 0 seconds (startsecs)
2024-04-23 02:58:07,457 INFO success: editor entered RUNNING state, process has stayed up for > than 0 seconds (startsecs)
2024-04-23 02:58:07,575 INFO reaped unknown pid 53
2024-04-23 02:58:07,767 INFO exited: postgres (exit status 1; not expected)
2024-04-23 02:58:08,338 INFO exited: mongodb (exit status 14; not expected)
2024-04-23 02:58:08,471 INFO success: stdout entered RUNNING state, process has stayed up for > than 1 seconds (startsecs)
2024-04-23 02:58:08,812 INFO spawned: 'postgres' with pid 1621
2024-04-23 02:58:09,397 INFO spawned: 'mongodb' with pid 1633
2024-04-23 02:58:09,823 INFO success: postgres entered RUNNING state, process has stayed up for > than 1 seconds (startsecs)
2024-04-23 02:58:09,829 INFO exited: postgres (exit status 1; not expected)
2024-04-23 02:58:09,833 INFO spawned: 'postgres' with pid 1642
2024-04-23 02:58:10,610 INFO exited: mongodb (exit status 14; not expected)
2024-04-23 02:58:10,701 INFO exited: postgres (exit status 1; not expected)
2024-04-23 02:58:11,724 INFO spawned: 'postgres' with pid 1673
2024-04-23 02:58:12,237 INFO exited: postgres (exit status 1; not expected)
2024-04-23 02:58:13,190 INFO spawned: 'mongodb' with pid 1709
2024-04-23 02:58:14,125 INFO exited: mongodb (exit status 14; not expected)
2024-04-23 02:58:14,740 INFO spawned: 'postgres' with pid 1739
2024-04-23 02:58:15,211 INFO exited: postgres (exit status 1; not expected)
2024-04-23 02:58:17,294 INFO spawned: 'mongodb' with pid 1778
2024-04-23 02:58:19,206 INFO spawned: 'postgres' with pid 1817
2024-04-23 02:58:19,207 INFO exited: mongodb (exit status 14; not expected)
2024-04-23 02:58:19,231 INFO gave up: mongodb entered FATAL state, too many start retries too quickly
2024-04-23 02:58:19,477 INFO exited: postgres (exit status 1; not expected)
2024-04-23 02:58:20,479 INFO gave up: postgres entered FATAL state, too many start retries too quickly
2024-04-23 02:58:28,130 INFO success: backend entered RUNNING state, process has stayed up for > than 20 seconds (startsecs)
2024-04-23 02:58:48,748 WARN received SIGTERM indicating exit request
2024-04-23 02:58:48,749 INFO waiting for stdout, redis, rts, backend, editor to die
2024-04-23 02:58:48,812 INFO stopped: editor (exit status 2)
2024-04-23 02:58:51,889 INFO waiting for stdout, redis, rts, backend to die
2024-04-23 02:58:53,899 INFO stopped: backend (exit status 143)
2024-04-23 02:58:53,904 INFO stopped: rts (terminated by SIGTERM)
2024-04-23 02:58:54,907 INFO waiting for stdout, redis to die
2024-04-23 02:58:54,918 INFO stopped: redis (exit status 0)
2024-04-23 02:58:54,920 INFO stopped: stdout (terminated by SIGTERM)
2024-04-23 02:59:17,661 CRIT Supervisor is running as root.  Privileges were not dropped because no user is specified in the config file.  If you intend to run as root, you can set user=root in the config file to avoid this message.
2024-04-23 02:59:17,662 INFO Included extra file "/tmp/appsmith/supervisor-conf.d/backend.conf" during parsing
2024-04-23 02:59:17,662 INFO Included extra file "/tmp/appsmith/supervisor-conf.d/editor.conf" during parsing
2024-04-23 02:59:17,662 INFO Included extra file "/tmp/appsmith/supervisor-conf.d/mongodb.conf" during parsing
2024-04-23 02:59:17,662 INFO Included extra file "/tmp/appsmith/supervisor-conf.d/postgres.conf" during parsing
2024-04-23 02:59:17,663 INFO Included extra file "/tmp/appsmith/supervisor-conf.d/redis.conf" during parsing
2024-04-23 02:59:17,663 INFO Included extra file "/tmp/appsmith/supervisor-conf.d/rts.conf" during parsing
2024-04-23 02:59:17,667 INFO RPC interface 'supervisor' initialized
2024-04-23 02:59:17,667 INFO RPC interface 'supervisor' initialized
2024-04-23 02:59:17,667 CRIT Server 'unix_http_server' running without any HTTP authentication checking
2024-04-23 02:59:17,667 INFO supervisord started with pid 1
2024-04-23 02:59:18,022 INFO spawned: 'stdout' with pid 1505
2024-04-23 02:59:18,024 INFO spawned: 'redis' with pid 1506
2024-04-23 02:59:18,025 INFO spawned: 'mongodb' with pid 1507
2024-04-23 02:59:18,027 INFO spawned: 'rts' with pid 1508
2024-04-23 02:59:18,030 INFO spawned: 'backend' with pid 1512
2024-04-23 02:59:18,034 INFO spawned: 'editor' with pid 1514
2024-04-23 02:59:18,040 INFO spawned: 'postgres' with pid 1517
2024-04-23 02:59:18,052 INFO success: redis entered RUNNING state, process has stayed up for > than 0 seconds (startsecs)
2024-04-23 02:59:18,052 INFO success: rts entered RUNNING state, process has stayed up for > than 0 seconds (startsecs)
2024-04-23 02:59:18,052 INFO success: editor entered RUNNING state, process has stayed up for > than 0 seconds (startsecs)
2024-04-23 02:59:18,262 INFO reaped unknown pid 54
2024-04-23 02:59:18,539 INFO exited: postgres (exit status 1; not expected)
2024-04-23 02:59:19,037 INFO success: stdout entered RUNNING state, process has stayed up for > than 1 seconds (startsecs)
2024-04-23 02:59:19,038 INFO exited: mongodb (exit status 14; not expected)
2024-04-23 02:59:19,672 INFO spawned: 'postgres' with pid 1639
2024-04-23 02:59:20,375 INFO spawned: 'mongodb' with pid 1647
2024-04-23 02:59:20,380 INFO exited: postgres (exit status 1; not expected)
2024-04-23 02:59:22,068 INFO exited: mongodb (exit status 14; not expected)
2024-04-23 02:59:22,440 INFO spawned: 'postgres' with pid 1688
2024-04-23 02:59:23,073 INFO exited: postgres (exit status 1; not expected)
2024-04-23 02:59:24,254 INFO spawned: 'mongodb' with pid 1716
2024-04-23 02:59:25,396 INFO exited: mongodb (exit status 14; not expected)
2024-04-23 02:59:26,199 INFO spawned: 'postgres' with pid 1763
2024-04-23 02:59:26,579 INFO exited: postgres (exit status 1; not expected)
2024-04-23 02:59:27,581 INFO gave up: postgres entered FATAL state, too many start retries too quickly
2024-04-23 02:59:28,484 INFO spawned: 'mongodb' with pid 1791
2024-04-23 02:59:29,297 INFO exited: mongodb (exit status 14; not expected)
2024-04-23 02:59:30,305 INFO gave up: mongodb entered FATAL state, too many start retries too quickly
2024-04-23 02:59:38,752 INFO success: backend entered RUNNING state, process has stayed up for > than 20 seconds (startsecs)
2024-04-23 03:00:23,175 WARN received SIGTERM indicating exit request
2024-04-23 03:00:23,178 INFO waiting for stdout, redis, rts, backend, editor to die
2024-04-23 03:00:38,832 CRIT Supervisor is running as root.  Privileges were not dropped because no user is specified in the config file.  If you intend to run as root, you can set user=root in the config file to avoid this message.
2024-04-23 03:00:38,832 INFO Included extra file "/tmp/appsmith/supervisor-conf.d/backend.conf" during parsing
2024-04-23 03:00:38,832 INFO Included extra file "/tmp/appsmith/supervisor-conf.d/editor.conf" during parsing
2024-04-23 03:00:38,833 INFO Included extra file "/tmp/appsmith/supervisor-conf.d/mongodb.conf" during parsing
2024-04-23 03:00:38,833 INFO Included extra file "/tmp/appsmith/supervisor-conf.d/postgres.conf" during parsing
2024-04-23 03:00:38,833 INFO Included extra file "/tmp/appsmith/supervisor-conf.d/redis.conf" during parsing
2024-04-23 03:00:38,833 INFO Included extra file "/tmp/appsmith/supervisor-conf.d/rts.conf" during parsing
2024-04-23 03:00:38,837 INFO RPC interface 'supervisor' initialized
2024-04-23 03:00:38,837 INFO RPC interface 'supervisor' initialized
2024-04-23 03:00:38,837 CRIT Server 'unix_http_server' running without any HTTP authentication checking
2024-04-23 03:00:38,837 INFO supervisord started with pid 1
2024-04-23 03:00:39,159 INFO spawned: 'stdout' with pid 1502
2024-04-23 03:00:39,160 INFO spawned: 'redis' with pid 1503
2024-04-23 03:00:39,161 INFO spawned: 'mongodb' with pid 1504
2024-04-23 03:00:39,163 INFO spawned: 'rts' with pid 1505
2024-04-23 03:00:39,165 INFO spawned: 'backend' with pid 1506
2024-04-23 03:00:39,167 INFO spawned: 'editor' with pid 1510
2024-04-23 03:00:39,170 INFO spawned: 'postgres' with pid 1513
2024-04-23 03:00:39,179 INFO success: redis entered RUNNING state, process has stayed up for > than 0 seconds (startsecs)
2024-04-23 03:00:39,179 INFO success: rts entered RUNNING state, process has stayed up for > than 0 seconds (startsecs)
2024-04-23 03:00:39,180 INFO success: editor entered RUNNING state, process has stayed up for > than 0 seconds (startsecs)
2024-04-23 03:00:39,375 INFO reaped unknown pid 55
2024-04-23 03:00:39,588 INFO exited: postgres (exit status 1; not expected)
2024-04-23 03:00:40,043 INFO exited: mongodb (exit status 14; not expected)
2024-04-23 03:00:40,200 INFO success: stdout entered RUNNING state, process has stayed up for > than 1 seconds (startsecs)
2024-04-23 03:00:41,109 INFO spawned: 'mongodb' with pid 1633
2024-04-23 03:00:41,112 INFO spawned: 'postgres' with pid 1634
2024-04-23 03:00:42,200 INFO success: postgres entered RUNNING state, process has stayed up for > than 1 seconds (startsecs)
2024-04-23 03:00:42,203 INFO exited: mongodb (exit status 14; not expected)
2024-04-23 03:00:42,212 INFO exited: postgres (exit status 1; not expected)
2024-04-23 03:00:42,214 INFO spawned: 'postgres' with pid 1657
2024-04-23 03:00:42,644 INFO exited: postgres (exit status 1; not expected)
2024-04-23 03:00:43,733 INFO spawned: 'postgres' with pid 1685
2024-04-23 03:00:44,305 INFO spawned: 'mongodb' with pid 1690
2024-04-23 03:00:44,314 INFO exited: postgres (exit status 1; not expected)
2024-04-23 03:00:45,353 INFO exited: mongodb (exit status 14; not expected)
2024-04-23 03:00:46,363 INFO spawned: 'postgres' with pid 1736
2024-04-23 03:00:46,936 INFO exited: postgres (exit status 1; not expected)
2024-04-23 03:00:48,606 INFO spawned: 'mongodb' with pid 1767
2024-04-23 03:00:49,562 INFO exited: mongodb (exit status 14; not expected)
2024-04-23 03:00:49,563 INFO gave up: mongodb entered FATAL state, too many start retries too quickly
2024-04-23 03:00:50,571 INFO spawned: 'postgres' with pid 1806
2024-04-23 03:00:50,821 INFO exited: postgres (exit status 1; not expected)
2024-04-23 03:00:51,826 INFO gave up: postgres entered FATAL state, too many start retries too quickly
2024-04-23 03:00:59,898 INFO success: backend entered RUNNING state, process has stayed up for > than 20 seconds (startsecs)
2024-04-23 03:01:27,789 WARN received SIGTERM indicating exit request
2024-04-23 03:01:27,790 INFO waiting for stdout, redis, rts, backend, editor to die
2024-04-23 03:01:28,795 INFO stopped: editor (exit status 2)
2024-04-23 03:04:25,863 CRIT Supervisor is running as root.  Privileges were not dropped because no user is specified in the config file.  If you intend to run as root, you can set user=root in the config file to avoid this message.
2024-04-23 03:04:25,864 INFO Included extra file "/tmp/appsmith/supervisor-conf.d/backend.conf" during parsing
2024-04-23 03:04:25,864 INFO Included extra file "/tmp/appsmith/supervisor-conf.d/editor.conf" during parsing
2024-04-23 03:04:25,864 INFO Included extra file "/tmp/appsmith/supervisor-conf.d/mongodb.conf" during parsing
2024-04-23 03:04:25,864 INFO Included extra file "/tmp/appsmith/supervisor-conf.d/postgres.conf" during parsing
2024-04-23 03:04:25,864 INFO Included extra file "/tmp/appsmith/supervisor-conf.d/redis.conf" during parsing
2024-04-23 03:04:25,864 INFO Included extra file "/tmp/appsmith/supervisor-conf.d/rts.conf" during parsing
2024-04-23 03:04:25,868 INFO RPC interface 'supervisor' initialized
2024-04-23 03:04:26,172 INFO RPC interface 'supervisor' initialized
2024-04-23 03:04:26,173 CRIT Server 'unix_http_server' running without any HTTP authentication checking
2024-04-23 03:04:26,174 INFO supervisord started with pid 1
2024-04-23 03:04:27,181 INFO spawned: 'stdout' with pid 1527
2024-04-23 03:04:27,188 INFO spawned: 'redis' with pid 1528
2024-04-23 03:04:27,192 INFO spawned: 'mongodb' with pid 1529
2024-04-23 03:04:27,195 INFO spawned: 'rts' with pid 1530
2024-04-23 03:04:27,199 INFO spawned: 'backend' with pid 1531
2024-04-23 03:04:27,203 INFO spawned: 'editor' with pid 1536
2024-04-23 03:04:27,208 INFO spawned: 'postgres' with pid 1538
2024-04-23 03:04:27,213 INFO success: redis entered RUNNING state, process has stayed up for > than 0 seconds (startsecs)
2024-04-23 03:04:27,214 INFO success: rts entered RUNNING state, process has stayed up for > than 0 seconds (startsecs)
2024-04-23 03:04:27,214 INFO success: editor entered RUNNING state, process has stayed up for > than 0 seconds (startsecs)
2024-04-23 03:04:27,343 INFO reaped unknown pid 54
2024-04-23 03:04:27,583 INFO exited: postgres (exit status 1; not expected)
2024-04-23 03:04:28,072 INFO exited: mongodb (exit status 14; not expected)
2024-04-23 03:04:28,239 INFO success: stdout entered RUNNING state, process has stayed up for > than 1 seconds (startsecs)
2024-04-23 03:04:28,810 INFO spawned: 'postgres' with pid 1658
2024-04-23 03:04:29,444 INFO spawned: 'mongodb' with pid 1672
2024-04-23 03:04:29,446 INFO exited: postgres (exit status 1; not expected)
2024-04-23 03:04:30,646 INFO exited: mongodb (exit status 14; not expected)
2024-04-23 03:04:32,280 INFO spawned: 'postgres' with pid 1726
2024-04-23 03:04:32,689 INFO spawned: 'mongodb' with pid 1736
2024-04-23 03:04:32,892 INFO exited: postgres (exit status 1; not expected)
2024-04-23 03:04:33,705 INFO exited: mongodb (exit status 14; not expected)
2024-04-23 03:04:36,447 INFO spawned: 'postgres' with pid 1806
2024-04-23 03:04:36,683 INFO exited: postgres (exit status 1; not expected)
2024-04-23 03:04:37,510 INFO spawned: 'mongodb' with pid 1819
2024-04-23 03:04:37,513 INFO gave up: postgres entered FATAL state, too many start retries too quickly
2024-04-23 03:04:38,342 INFO exited: mongodb (exit status 14; not expected)
2024-04-23 03:04:39,345 INFO gave up: mongodb entered FATAL state, too many start retries too quickly
2024-04-23 03:04:47,808 INFO success: backend entered RUNNING state, process has stayed up for > than 20 seconds (startsecs)
2024-04-23 03:05:37,411 INFO reaped unknown pid 80
2024-04-23 03:06:35,389 WARN received SIGTERM indicating exit request
2024-04-23 03:06:35,391 INFO waiting for stdout, redis, rts, backend, editor to die
2024-04-23 03:06:35,458 INFO stopped: editor (exit status 2)
2024-04-23 03:06:38,470 INFO waiting for stdout, redis, rts, backend to die
2024-04-23 03:06:40,564 INFO stopped: backend (exit status 143)
2024-04-23 03:06:40,576 INFO stopped: rts (terminated by SIGTERM)
2024-04-23 03:06:40,902 INFO stopped: redis (exit status 0)
2024-04-23 03:06:40,903 INFO stopped: stdout (terminated by SIGTERM)
2024-04-23 03:15:57,878 CRIT Supervisor is running as root.  Privileges were not dropped because no user is specified in the config file.  If you intend to run as root, you can set user=root in the config file to avoid this message.
2024-04-23 03:15:57,879 INFO Included extra file "/tmp/appsmith/supervisor-conf.d/backend.conf" during parsing
2024-04-23 03:15:57,879 INFO Included extra file "/tmp/appsmith/supervisor-conf.d/editor.conf" during parsing
2024-04-23 03:15:57,879 INFO Included extra file "/tmp/appsmith/supervisor-conf.d/mongodb.conf" during parsing
2024-04-23 03:15:57,879 INFO Included extra file "/tmp/appsmith/supervisor-conf.d/postgres.conf" during parsing
2024-04-23 03:15:57,879 INFO Included extra file "/tmp/appsmith/supervisor-conf.d/redis.conf" during parsing
2024-04-23 03:15:57,879 INFO Included extra file "/tmp/appsmith/supervisor-conf.d/rts.conf" during parsing
2024-04-23 03:15:57,883 INFO RPC interface 'supervisor' initialized
2024-04-23 03:15:57,883 INFO RPC interface 'supervisor' initialized
2024-04-23 03:15:57,883 CRIT Server 'unix_http_server' running without any HTTP authentication checking
2024-04-23 03:15:57,884 INFO supervisord started with pid 1
2024-04-23 03:15:58,198 INFO spawned: 'stdout' with pid 1504
2024-04-23 03:15:58,200 INFO spawned: 'redis' with pid 1505
2024-04-23 03:15:58,201 INFO spawned: 'mongodb' with pid 1506
2024-04-23 03:15:58,202 INFO spawned: 'rts' with pid 1507
2024-04-23 03:15:58,203 INFO spawned: 'backend' with pid 1508
2024-04-23 03:15:58,206 INFO spawned: 'editor' with pid 1509
2024-04-23 03:15:58,208 INFO spawned: 'postgres' with pid 1510
2024-04-23 03:15:58,213 INFO success: redis entered RUNNING state, process has stayed up for > than 0 seconds (startsecs)
2024-04-23 03:15:58,213 INFO success: rts entered RUNNING state, process has stayed up for > than 0 seconds (startsecs)
2024-04-23 03:15:58,214 INFO success: editor entered RUNNING state, process has stayed up for > than 0 seconds (startsecs)
2024-04-23 03:15:58,322 INFO reaped unknown pid 54
2024-04-23 03:15:58,590 INFO exited: postgres (exit status 1; not expected)
2024-04-23 03:15:59,238 INFO success: stdout entered RUNNING state, process has stayed up for > than 1 seconds (startsecs)
2024-04-23 03:15:59,321 INFO exited: mongodb (exit status 14; not expected)
2024-04-23 03:15:59,755 INFO spawned: 'postgres' with pid 1629
2024-04-23 03:16:00,299 INFO exited: postgres (exit status 1; not expected)
2024-04-23 03:16:01,140 INFO spawned: 'mongodb' with pid 1659
2024-04-23 03:16:02,398 INFO spawned: 'postgres' with pid 1682
2024-04-23 03:16:02,400 INFO exited: mongodb (exit status 14; not expected)
2024-04-23 03:16:02,801 INFO exited: postgres (exit status 1; not expected)
2024-04-23 03:16:04,473 INFO spawned: 'mongodb' with pid 1718
2024-04-23 03:16:05,502 INFO exited: mongodb (exit status 14; not expected)
2024-04-23 03:16:06,510 INFO spawned: 'postgres' with pid 1765
2024-04-23 03:16:06,815 INFO exited: postgres (exit status 1; not expected)
2024-04-23 03:16:07,818 INFO gave up: postgres entered FATAL state, too many start retries too quickly
2024-04-23 03:16:08,604 INFO spawned: 'mongodb' with pid 1792
2024-04-23 03:16:09,508 INFO exited: mongodb (exit status 14; not expected)
2024-04-23 03:16:10,513 INFO gave up: mongodb entered FATAL state, too many start retries too quickly
2024-04-23 03:16:18,903 INFO success: backend entered RUNNING state, process has stayed up for > than 20 seconds (startsecs)
2024-04-23 03:17:04,389 WARN received SIGTERM indicating exit request
2024-04-23 03:17:04,390 INFO waiting for stdout, redis, rts, backend, editor to die
2024-04-23 03:17:04,398 INFO stopped: editor (exit status 2)
2024-04-23 03:17:07,411 INFO waiting for stdout, redis, rts, backend to die
2024-04-23 03:17:09,518 INFO stopped: backend (exit status 143)
2024-04-23 03:17:09,522 INFO stopped: rts (terminated by SIGTERM)
2024-04-23 03:17:10,526 INFO waiting for stdout, redis to die
2024-04-23 03:17:10,600 INFO stopped: redis (exit status 0)
2024-04-23 03:17:10,601 INFO stopped: stdout (terminated by SIGTERM)
2024-04-23 03:25:03,589 CRIT Supervisor is running as root.  Privileges were not dropped because no user is specified in the config file.  If you intend to run as root, you can set user=root in the config file to avoid this message.
2024-04-23 03:25:03,589 INFO Included extra file "/tmp/appsmith/supervisor-conf.d/backend.conf" during parsing
2024-04-23 03:25:03,589 INFO Included extra file "/tmp/appsmith/supervisor-conf.d/editor.conf" during parsing
2024-04-23 03:25:03,590 INFO Included extra file "/tmp/appsmith/supervisor-conf.d/mongodb.conf" during parsing
2024-04-23 03:25:03,590 INFO Included extra file "/tmp/appsmith/supervisor-conf.d/postgres.conf" during parsing
2024-04-23 03:25:03,590 INFO Included extra file "/tmp/appsmith/supervisor-conf.d/redis.conf" during parsing
2024-04-23 03:25:03,590 INFO Included extra file "/tmp/appsmith/supervisor-conf.d/rts.conf" during parsing
2024-04-23 03:25:03,594 INFO RPC interface 'supervisor' initialized
2024-04-23 03:25:03,594 INFO RPC interface 'supervisor' initialized
2024-04-23 03:25:03,594 CRIT Server 'unix_http_server' running without any HTTP authentication checking
2024-04-23 03:25:03,594 INFO supervisord started with pid 1
2024-04-23 03:25:03,906 INFO spawned: 'stdout' with pid 1501
2024-04-23 03:25:03,908 INFO spawned: 'redis' with pid 1502
2024-04-23 03:25:03,909 INFO spawned: 'mongodb' with pid 1503
2024-04-23 03:25:03,910 INFO spawned: 'rts' with pid 1504
2024-04-23 03:25:03,913 INFO spawned: 'backend' with pid 1508
2024-04-23 03:25:03,916 INFO spawned: 'editor' with pid 1510
2024-04-23 03:25:03,923 INFO spawned: 'postgres' with pid 1519
2024-04-23 03:25:03,933 INFO success: redis entered RUNNING state, process has stayed up for > than 0 seconds (startsecs)
2024-04-23 03:25:03,934 INFO success: rts entered RUNNING state, process has stayed up for > than 0 seconds (startsecs)
2024-04-23 03:25:03,934 INFO success: editor entered RUNNING state, process has stayed up for > than 0 seconds (startsecs)
2024-04-23 03:25:04,079 INFO reaped unknown pid 53
2024-04-23 03:25:04,353 INFO exited: postgres (exit status 1; not expected)
2024-04-23 03:25:04,789 INFO exited: mongodb (exit status 14; not expected)
2024-04-23 03:25:04,939 INFO success: stdout entered RUNNING state, process has stayed up for > than 1 seconds (startsecs)
2024-04-23 03:25:05,865 INFO spawned: 'mongodb' with pid 1636
2024-04-23 03:25:05,868 INFO spawned: 'postgres' with pid 1637
2024-04-23 03:25:07,036 INFO success: postgres entered RUNNING state, process has stayed up for > than 1 seconds (startsecs)
2024-04-23 03:25:07,037 INFO exited: postgres (exit status 1; not expected)
2024-04-23 03:25:07,042 INFO spawned: 'postgres' with pid 1665
2024-04-23 03:25:07,220 INFO exited: mongodb (exit status 14; not expected)
2024-04-23 03:25:07,645 INFO exited: postgres (exit status 1; not expected)
2024-04-23 03:25:08,784 INFO spawned: 'postgres' with pid 1689
2024-04-23 03:25:09,449 INFO spawned: 'mongodb' with pid 1700
2024-04-23 03:25:09,455 INFO exited: postgres (exit status 1; not expected)
2024-04-23 03:25:10,453 INFO exited: mongodb (exit status 14; not expected)
2024-04-23 03:25:12,189 INFO spawned: 'postgres' with pid 1756
2024-04-23 03:25:13,855 INFO spawned: 'mongodb' with pid 1782
2024-04-23 03:25:13,856 INFO success: postgres entered RUNNING state, process has stayed up for > than 1 seconds (startsecs)
2024-04-23 03:25:13,858 INFO exited: postgres (exit status 1; not expected)
2024-04-23 03:25:13,915 INFO spawned: 'postgres' with pid 1783
2024-04-23 03:25:14,172 INFO exited: postgres (exit status 1; not expected)
2024-04-23 03:25:14,867 INFO exited: mongodb (exit status 14; not expected)
2024-04-23 03:25:15,870 INFO gave up: mongodb entered FATAL state, too many start retries too quickly
2024-04-23 03:25:15,871 INFO spawned: 'postgres' with pid 1819
2024-04-23 03:25:16,194 INFO exited: postgres (exit status 1; not expected)
2024-04-23 03:25:18,427 INFO spawned: 'postgres' with pid 1869
2024-04-23 03:25:18,679 INFO exited: postgres (exit status 1; not expected)
2024-04-23 03:25:22,465 INFO spawned: 'postgres' with pid 1914
2024-04-23 03:25:22,711 INFO exited: postgres (exit status 1; not expected)
2024-04-23 03:25:23,554 INFO gave up: postgres entered FATAL state, too many start retries too quickly
2024-04-23 03:25:24,557 INFO success: backend entered RUNNING state, process has stayed up for > than 20 seconds (startsecs)
2024-04-23 03:26:17,189 INFO reaped unknown pid 80
2024-04-23 03:30:45,563 WARN received SIGTERM indicating exit request
2024-04-23 03:30:45,564 INFO waiting for stdout, redis, rts, backend, editor to die
2024-04-23 03:30:46,571 INFO stopped: editor (exit status 2)
2024-04-23 03:30:48,583 INFO waiting for stdout, redis, rts, backend to die
2024-04-23 03:30:51,061 INFO stopped: backend (exit status 143)
2024-04-23 03:30:51,062 INFO reaped unknown pid 1598
2024-04-23 03:30:51,065 INFO stopped: rts (terminated by SIGTERM)
2024-04-23 03:30:52,069 INFO waiting for stdout, redis to die
2024-04-23 03:30:52,128 INFO stopped: redis (exit status 0)
2024-04-23 03:30:52,128 INFO stopped: stdout (terminated by SIGTERM)
2024-04-23 03:32:24,503 CRIT Supervisor is running as root.  Privileges were not dropped because no user is specified in the config file.  If you intend to run as root, you can set user=root in the config file to avoid this message.
2024-04-23 03:32:24,504 INFO Included extra file "/tmp/appsmith/supervisor-conf.d/backend.conf" during parsing
2024-04-23 03:32:24,504 INFO Included extra file "/tmp/appsmith/supervisor-conf.d/editor.conf" during parsing
2024-04-23 03:32:24,505 INFO Included extra file "/tmp/appsmith/supervisor-conf.d/mongodb.conf" during parsing
2024-04-23 03:32:24,505 INFO Included extra file "/tmp/appsmith/supervisor-conf.d/postgres.conf" during parsing
2024-04-23 03:32:24,505 INFO Included extra file "/tmp/appsmith/supervisor-conf.d/redis.conf" during parsing
2024-04-23 03:32:24,505 INFO Included extra file "/tmp/appsmith/supervisor-conf.d/rts.conf" during parsing
2024-04-23 03:32:24,521 INFO RPC interface 'supervisor' initialized
2024-04-23 03:32:24,522 INFO RPC interface 'supervisor' initialized
2024-04-23 03:32:24,522 CRIT Server 'unix_http_server' running without any HTTP authentication checking
2024-04-23 03:32:24,522 INFO supervisord started with pid 1
2024-04-23 03:32:24,860 INFO spawned: 'stdout' with pid 1505
2024-04-23 03:32:24,862 INFO spawned: 'redis' with pid 1506
2024-04-23 03:32:24,865 INFO spawned: 'mongodb' with pid 1507
2024-04-23 03:32:24,867 INFO spawned: 'rts' with pid 1508
2024-04-23 03:32:24,870 INFO spawned: 'backend' with pid 1512
2024-04-23 03:32:24,872 INFO spawned: 'editor' with pid 1513
2024-04-23 03:32:24,878 INFO spawned: 'postgres' with pid 1514
2024-04-23 03:32:24,892 INFO success: redis entered RUNNING state, process has stayed up for > than 0 seconds (startsecs)
2024-04-23 03:32:24,895 INFO success: rts entered RUNNING state, process has stayed up for > than 0 seconds (startsecs)
2024-04-23 03:32:24,896 INFO success: editor entered RUNNING state, process has stayed up for > than 0 seconds (startsecs)
2024-04-23 03:32:25,421 INFO exited: postgres (exit status 1; not expected)
2024-04-23 03:32:25,799 INFO reaped unknown pid 56
2024-04-23 03:32:25,937 INFO success: stdout entered RUNNING state, process has stayed up for > than 1 seconds (startsecs)
2024-04-23 03:32:25,938 INFO exited: mongodb (exit status 14; not expected)
2024-04-23 03:32:26,839 INFO spawned: 'postgres' with pid 1637
2024-04-23 03:32:27,265 INFO spawned: 'mongodb' with pid 1643
2024-04-23 03:32:27,665 INFO exited: postgres (exit status 1; not expected)
2024-04-23 03:32:28,320 INFO exited: mongodb (exit status 14; not expected)
2024-04-23 03:32:29,961 INFO spawned: 'postgres' with pid 1688
2024-04-23 03:32:30,849 INFO spawned: 'mongodb' with pid 1705
2024-04-23 03:32:30,867 INFO exited: postgres (exit status 1; not expected)
2024-04-23 03:32:32,004 INFO exited: mongodb (exit status 14; not expected)
2024-04-23 03:32:34,462 INFO spawned: 'postgres' with pid 1766
2024-04-23 03:32:35,395 INFO spawned: 'mongodb' with pid 1777
2024-04-23 03:32:35,676 INFO success: postgres entered RUNNING state, process has stayed up for > than 1 seconds (startsecs)
2024-04-23 03:32:35,693 INFO exited: postgres (exit status 1; not expected)
2024-04-23 03:32:35,697 INFO spawned: 'postgres' with pid 1783
2024-04-23 03:32:36,654 INFO exited: mongodb (exit status 14; not expected)
2024-04-23 03:32:36,659 INFO gave up: mongodb entered FATAL state, too many start retries too quickly
2024-04-23 03:32:36,659 INFO exited: postgres (exit status 1; not expected)
2024-04-23 03:32:38,491 INFO spawned: 'postgres' with pid 1837
2024-04-23 03:32:38,994 INFO exited: postgres (exit status 1; not expected)
2024-04-23 03:32:41,004 INFO spawned: 'postgres' with pid 1871
2024-04-23 03:32:41,365 INFO exited: postgres (exit status 1; not expected)
2024-04-23 03:32:44,593 INFO spawned: 'postgres' with pid 1918
2024-04-23 03:32:44,866 INFO exited: postgres (exit status 1; not expected)
2024-04-23 03:32:45,871 INFO success: backend entered RUNNING state, process has stayed up for > than 20 seconds (startsecs)
2024-04-23 03:32:45,873 INFO gave up: postgres entered FATAL state, too many start retries too quickly
2024-04-23 03:33:41,620 INFO reaped unknown pid 83
2024-04-23 03:41:20,848 WARN received SIGTERM indicating exit request
2024-04-23 03:41:20,851 INFO waiting for stdout, redis, rts, backend, editor to die
2024-04-23 03:41:21,883 INFO stopped: editor (exit status 2)
2024-04-23 03:41:23,900 INFO waiting for stdout, redis, rts, backend to die
2024-04-23 03:41:26,468 INFO reaped unknown pid 1604
2024-04-23 03:41:26,470 INFO stopped: backend (exit status 143)
2024-04-23 03:41:26,475 INFO stopped: rts (terminated by SIGTERM)
2024-04-23 03:41:27,482 INFO waiting for stdout, redis to die
2024-04-23 03:41:27,590 INFO stopped: redis (exit status 0)
2024-04-23 03:41:27,591 INFO stopped: stdout (terminated by SIGTERM)
2024-04-23 03:43:47,941 CRIT Supervisor is running as root.  Privileges were not dropped because no user is specified in the config file.  If you intend to run as root, you can set user=root in the config file to avoid this message.
2024-04-23 03:43:47,941 INFO Included extra file "/tmp/appsmith/supervisor-conf.d/backend.conf" during parsing
2024-04-23 03:43:47,941 INFO Included extra file "/tmp/appsmith/supervisor-conf.d/editor.conf" during parsing
2024-04-23 03:43:47,941 INFO Included extra file "/tmp/appsmith/supervisor-conf.d/mongodb.conf" during parsing
2024-04-23 03:43:47,941 INFO Included extra file "/tmp/appsmith/supervisor-conf.d/postgres.conf" during parsing
2024-04-23 03:43:47,942 INFO Included extra file "/tmp/appsmith/supervisor-conf.d/redis.conf" during parsing
2024-04-23 03:43:47,942 INFO Included extra file "/tmp/appsmith/supervisor-conf.d/rts.conf" during parsing
2024-04-23 03:43:47,946 INFO RPC interface 'supervisor' initialized
2024-04-23 03:43:47,946 INFO RPC interface 'supervisor' initialized
2024-04-23 03:43:47,947 CRIT Server 'unix_http_server' running without any HTTP authentication checking
2024-04-23 03:43:47,947 INFO supervisord started with pid 1
2024-04-23 03:43:48,342 INFO spawned: 'stdout' with pid 1506
2024-04-23 03:43:48,344 INFO spawned: 'redis' with pid 1507
2024-04-23 03:43:48,346 INFO spawned: 'mongodb' with pid 1508
2024-04-23 03:43:48,347 INFO spawned: 'rts' with pid 1509
2024-04-23 03:43:48,349 INFO spawned: 'backend' with pid 1510
2024-04-23 03:43:48,352 INFO spawned: 'editor' with pid 1512
2024-04-23 03:43:48,355 INFO spawned: 'postgres' with pid 1517
2024-04-23 03:43:48,363 INFO success: redis entered RUNNING state, process has stayed up for > than 0 seconds (startsecs)
2024-04-23 03:43:48,363 INFO success: rts entered RUNNING state, process has stayed up for > than 0 seconds (startsecs)
2024-04-23 03:43:48,363 INFO success: editor entered RUNNING state, process has stayed up for > than 0 seconds (startsecs)
2024-04-23 03:43:48,532 INFO reaped unknown pid 54
2024-04-23 03:43:48,763 INFO exited: postgres (exit status 1; not expected)
2024-04-23 03:43:49,385 INFO success: stdout entered RUNNING state, process has stayed up for > than 1 seconds (startsecs)
2024-04-23 03:43:49,385 INFO exited: mongodb (exit status 14; not expected)
2024-04-23 03:43:49,792 INFO spawned: 'postgres' with pid 1628
2024-04-23 03:43:50,224 INFO exited: postgres (exit status 1; not expected)
2024-04-23 03:43:51,132 INFO spawned: 'mongodb' with pid 1652
2024-04-23 03:43:52,043 INFO exited: mongodb (exit status 14; not expected)
2024-04-23 03:43:52,366 INFO spawned: 'postgres' with pid 1674
2024-04-23 03:43:52,927 INFO exited: postgres (exit status 1; not expected)
2024-04-23 03:43:54,112 INFO spawned: 'mongodb' with pid 1713
2024-04-23 03:43:55,202 INFO exited: mongodb (exit status 14; not expected)
2024-04-23 03:43:56,625 INFO spawned: 'postgres' with pid 1758
2024-04-23 03:43:56,989 INFO exited: postgres (exit status 1; not expected)
2024-04-23 03:43:57,994 INFO gave up: postgres entered FATAL state, too many start retries too quickly
2024-04-23 03:43:58,749 INFO spawned: 'mongodb' with pid 1785
2024-04-23 03:44:00,633 INFO exited: mongodb (exit status 14; not expected)
2024-04-23 03:44:01,617 INFO gave up: mongodb entered FATAL state, too many start retries too quickly
2024-04-23 03:44:09,014 INFO success: backend entered RUNNING state, process has stayed up for > than 20 seconds (startsecs)
2024-04-23 03:45:03,240 INFO reaped unknown pid 82
2024-04-23 03:49:22,366 WARN received SIGTERM indicating exit request
2024-04-23 03:49:22,369 INFO waiting for stdout, redis, rts, backend, editor to die
2024-04-23 03:49:23,391 INFO stopped: editor (exit status 2)
2024-04-23 03:49:25,409 INFO waiting for stdout, redis, rts, backend to die
2024-04-23 03:49:28,941 INFO stopped: backend (exit status 143)
2024-04-23 03:49:28,943 INFO reaped unknown pid 1599
2024-04-23 03:49:28,945 INFO waiting for stdout, redis, rts to die
2024-04-23 03:49:28,958 INFO stopped: rts (terminated by SIGTERM)
2024-04-23 03:49:29,986 INFO stopped: redis (exit status 0)
2024-04-23 03:49:29,991 INFO stopped: stdout (terminated by SIGTERM)
2024-04-23 03:49:31,826 CRIT Supervisor is running as root.  Privileges were not dropped because no user is specified in the config file.  If you intend to run as root, you can set user=root in the config file to avoid this message.
2024-04-23 03:49:31,826 INFO Included extra file "/tmp/appsmith/supervisor-conf.d/backend.conf" during parsing
2024-04-23 03:49:31,826 INFO Included extra file "/tmp/appsmith/supervisor-conf.d/editor.conf" during parsing
2024-04-23 03:49:31,826 INFO Included extra file "/tmp/appsmith/supervisor-conf.d/mongodb.conf" during parsing
2024-04-23 03:49:31,827 INFO Included extra file "/tmp/appsmith/supervisor-conf.d/postgres.conf" during parsing
2024-04-23 03:49:31,827 INFO Included extra file "/tmp/appsmith/supervisor-conf.d/redis.conf" during parsing
2024-04-23 03:49:31,827 INFO Included extra file "/tmp/appsmith/supervisor-conf.d/rts.conf" during parsing
2024-04-23 03:49:31,831 INFO RPC interface 'supervisor' initialized
2024-04-23 03:49:31,831 INFO RPC interface 'supervisor' initialized
2024-04-23 03:49:31,832 CRIT Server 'unix_http_server' running without any HTTP authentication checking
2024-04-23 03:49:31,832 INFO supervisord started with pid 1
2024-04-23 03:49:32,245 INFO spawned: 'stdout' with pid 1509
2024-04-23 03:49:32,247 INFO spawned: 'redis' with pid 1510
2024-04-23 03:49:32,249 INFO spawned: 'mongodb' with pid 1511
2024-04-23 03:49:32,254 INFO spawned: 'rts' with pid 1512
2024-04-23 03:49:32,261 INFO spawned: 'backend' with pid 1516
2024-04-23 03:49:32,264 INFO spawned: 'editor' with pid 1518
2024-04-23 03:49:32,266 INFO spawned: 'postgres' with pid 1520
2024-04-23 03:49:32,271 INFO success: redis entered RUNNING state, process has stayed up for > than 0 seconds (startsecs)
2024-04-23 03:49:32,271 INFO success: rts entered RUNNING state, process has stayed up for > than 0 seconds (startsecs)
2024-04-23 03:49:32,272 INFO success: editor entered RUNNING state, process has stayed up for > than 0 seconds (startsecs)
2024-04-23 03:49:32,393 INFO reaped unknown pid 57
2024-04-23 03:49:32,661 INFO exited: postgres (exit status 1; not expected)
2024-04-23 03:49:33,192 INFO exited: mongodb (exit status 14; not expected)
2024-04-23 03:49:33,300 INFO success: stdout entered RUNNING state, process has stayed up for > than 1 seconds (startsecs)
2024-04-23 03:49:33,685 INFO spawned: 'postgres' with pid 1635
2024-04-23 03:49:34,139 INFO exited: postgres (exit status 1; not expected)
2024-04-23 03:49:34,655 INFO spawned: 'mongodb' with pid 1653
2024-04-23 03:49:35,763 INFO exited: mongodb (exit status 14; not expected)
2024-04-23 03:49:36,396 INFO spawned: 'postgres' with pid 1694
2024-04-23 03:49:36,860 INFO exited: postgres (exit status 1; not expected)
2024-04-23 03:49:37,896 INFO spawned: 'mongodb' with pid 1722
2024-04-23 03:49:39,114 INFO exited: mongodb (exit status 14; not expected)
2024-04-23 03:49:39,912 INFO spawned: 'postgres' with pid 1757
2024-04-23 03:49:40,113 INFO exited: postgres (exit status 1; not expected)
2024-04-23 03:49:41,121 INFO gave up: postgres entered FATAL state, too many start retries too quickly
2024-04-23 03:49:42,140 INFO spawned: 'mongodb' with pid 1789
2024-04-23 03:49:43,247 INFO exited: mongodb (exit status 14; not expected)
2024-04-23 03:49:44,250 INFO gave up: mongodb entered FATAL state, too many start retries too quickly
2024-04-23 03:49:52,814 INFO success: backend entered RUNNING state, process has stayed up for > than 20 seconds (startsecs)
2024-04-23 03:50:47,209 INFO reaped unknown pid 85
2024-04-23 22:11:38,515 WARN received SIGTERM indicating exit request
2024-04-23 22:11:38,520 INFO waiting for stdout, redis, rts, backend, editor to die
2024-04-23 22:11:39,532 INFO stopped: editor (exit status 2)
2024-04-23 22:11:41,547 INFO waiting for stdout, redis, rts, backend to die
2024-04-23 22:11:44,212 INFO reaped unknown pid 1606
2024-04-23 22:11:44,213 INFO stopped: backend (exit status 143)
2024-04-23 22:11:44,221 INFO stopped: rts (terminated by SIGTERM)
2024-04-23 22:11:44,751 INFO waiting for stdout, redis to die
2024-04-23 22:11:44,786 INFO stopped: redis (exit status 0)
2024-04-23 22:11:44,787 INFO stopped: stdout (terminated by SIGTERM)
